<?xml version="1.0" encoding="UTF-8"?>
<testng-results ignored="0" total="2" passed="2" failed="0" skipped="0">
  <reporter-output>
  </reporter-output>
  <suite started-at="2023-03-22T10:08:19 IST" name="Default suite" finished-at="2023-03-22T10:11:06 IST" duration-ms="166852">
    <groups>
    </groups>
    <test started-at="2023-03-22T10:08:19 IST" name="Default test" finished-at="2023-03-22T10:11:06 IST" duration-ms="166852">
      <class name="TestCases.Mmtriptesting">
        <test-method is-config="true" signature="beforeMethod()[pri:0, instance:TestCases.Mmtriptesting@41fbdac4]" started-at="2023-03-22T10:08:19 IST" name="beforeMethod" finished-at="2023-03-22T10:08:19 IST" duration-ms="13" status="PASS">
          <reporter-output>
          </reporter-output>
        </test-method> <!-- beforeMethod -->
        <test-method signature="validateCase1()[pri:0, instance:TestCases.Mmtriptesting@41fbdac4]" started-at="2023-03-22T10:08:19 IST" name="validateCase1" finished-at="2023-03-22T10:10:11 IST" duration-ms="111960" status="PASS">
          <reporter-output>
          </reporter-output>
        </test-method> <!-- validateCase1 -->
        <test-method is-config="true" signature="afterMethod()[pri:0, instance:TestCases.Mmtriptesting@41fbdac4]" started-at="2023-03-22T10:10:11 IST" name="afterMethod" finished-at="2023-03-22T10:10:11 IST" duration-ms="0" status="PASS">
          <reporter-output>
          </reporter-output>
        </test-method> <!-- afterMethod -->
        <test-method is-config="true" signature="beforeMethod()[pri:0, instance:TestCases.Mmtriptesting@41fbdac4]" started-at="2023-03-22T10:10:11 IST" name="beforeMethod" finished-at="2023-03-22T10:10:11 IST" duration-ms="1" status="PASS">
          <reporter-output>
          </reporter-output>
        </test-method> <!-- beforeMethod -->
        <test-method signature="validateCase2()[pri:0, instance:TestCases.Mmtriptesting@41fbdac4]" started-at="2023-03-22T10:10:11 IST" name="validateCase2" finished-at="2023-03-22T10:11:06 IST" duration-ms="54781" status="PASS">
          <reporter-output>
          </reporter-output>
        </test-method> <!-- validateCase2 -->
        <test-method is-config="true" signature="afterMethod()[pri:0, instance:TestCases.Mmtriptesting@41fbdac4]" started-at="2023-03-22T10:11:06 IST" name="afterMethod" finished-at="2023-03-22T10:11:06 IST" duration-ms="0" status="PASS">
          <reporter-output>
          </reporter-output>
        </test-method> <!-- afterMethod -->
      </class> <!-- TestCases.Mmtriptesting -->
    </test> <!-- Default test -->
  </suite> <!-- Default suite -->
</testng-results>
